2025-11-11/30/25 09:47:31 INFO TalentoTech Completando los datos de usuario
2025-11-11/30/25 09:47:31 INFO TalentoTech Validando redireccionamiento al Inventario.
2025-11-11/30/25 09:47:51 INFO TalentoTech Completando los datos de usuario
2025-11-11/30/25 09:54:25 INFO TalentoTech Completando los datos de usuario
2025-11-11/30/25 09:54:25 INFO TalentoTech Validando redireccionamiento al Inventario.
2025-11-11/30/25 09:54:25 INFO TalentoTech Test de login completado.
2025-11-11/30/25 09:54:45 INFO TalentoTech Completando los datos de usuario
2025-11-11/30/25 15:56:40 INFO TalentoTech Completando los datos de usuario
2025-11-11/30/25 15:56:40 INFO TalentoTech Validando redireccionamiento al Inventario.
2025-11-11/30/25 15:56:40 INFO TalentoTech Test de login completado.
2025-11-11/30/25 15:57:00 INFO TalentoTech Completando los datos de usuario
2025-11-11/30/25 15:57:00 INFO TalentoTech Se muestra mensaje de error de login.
2025-11-11/30/25 16:00:41 INFO TalentoTech Completando los datos de usuario
2025-11-11/30/25 16:00:41 INFO TalentoTech Validando redireccionamiento al Inventario.
2025-11-11/30/25 16:00:41 INFO TalentoTech Test de login completado.
2025-11-11/30/25 16:00:43 INFO TalentoTech Fin del test.
2025-11-11/30/25 16:01:01 INFO TalentoTech Completando los datos de usuario
2025-11-11/30/25 16:01:01 INFO TalentoTech Se muestra mensaje de error de login.
2025-11-11/30/25 16:01:04 INFO TalentoTech Fin del test.
2025-11-11/30/25 16:07:52 INFO TalentoTech Completando los datos de usuario
2025-11-11/30/25 16:07:52 INFO TalentoTech Validando redireccionamiento al Inventario.
2025-11-11/30/25 16:07:52 INFO TalentoTech Test de login completado.
2025-11-11/30/25 16:07:54 INFO TalentoTech Fin del test.
2025-11-11/30/25 16:08:12 INFO TalentoTech Completando los datos de usuario
2025-11-11/30/25 16:08:12 INFO TalentoTech Se muestra mensaje de error de login.
2025-11-11/30/25 16:08:14 INFO TalentoTech Fin del test.
